{"/home/aichi/nodejs/express/src/app.ts": {"path":"/home/aichi/nodejs/express/src/app.ts","statementMap":{"0":{"start":{"line":1,"column":0},"end":{"line":1,"column":28}},"1":{"start":{"line":2,"column":0},"end":{"line":2,"column":30}},"2":{"start":{"line":3,"column":0},"end":{"line":3,"column":24}},"3":{"start":{"line":4,"column":0},"end":{"line":4,"column":24}},"4":{"start":{"line":7,"column":0},"end":{"line":7,"column":50}},"5":{"start":{"line":8,"column":0},"end":{"line":8,"column":59}},"6":{"start":{"line":9,"column":0},"end":{"line":9,"column":63}},"7":{"start":{"line":11,"column":0},"end":{"line":11,"column":16}},"8":{"start":{"line":14,"column":14},"end":{"line":14,"column":23}},"9":{"start":{"line":16,"column":2},"end":{"line":21,"column":4}},"10":{"start":{"line":23,"column":2},"end":{"line":23,"column":26}},"11":{"start":{"line":24,"column":2},"end":{"line":24,"column":61}},"12":{"start":{"line":26,"column":2},"end":{"line":26,"column":56}},"13":{"start":{"line":30,"column":2},"end":{"line":30,"column":60}},"14":{"start":{"line":31,"column":2},"end":{"line":31,"column":61}},"15":{"start":{"line":32,"column":2},"end":{"line":32,"column":27}},"16":{"start":{"line":33,"column":2},"end":{"line":33,"column":13}},"17":{"start":{"line":13,"column":0},"end":{"line":13,"column":25}}},"fnMap":{"0":{"name":"default_1","decl":{"start":{"line":13,"column":0},"end":{"line":13,"column":25}},"loc":{"start":{"line":13,"column":45},"end":{"line":34,"column":1}}}},"branchMap":{},"s":{"0":2,"1":2,"2":2,"3":2,"4":2,"5":2,"6":2,"7":2,"8":6,"9":6,"10":6,"11":6,"12":6,"13":6,"14":6,"15":6,"16":6,"17":2},"f":{"0":6},"b":{}}
,"/home/aichi/nodejs/express/src/controllers/helloWould.ts": {"path":"/home/aichi/nodejs/express/src/controllers/helloWould.ts","statementMap":{"0":{"start":{"line":3,"column":19},"end":{"line":6,"column":1}},"1":{"start":{"line":4,"column":2},"end":{"line":4,"column":18}},"2":{"start":{"line":5,"column":2},"end":{"line":5,"column":30}},"3":{"start":{"line":8,"column":0},"end":{"line":8,"column":26}}},"fnMap":{"0":{"name":"(anonymous_0)","decl":{"start":{"line":3,"column":19},"end":{"line":3,"column":20}},"loc":{"start":{"line":3,"column":51},"end":{"line":6,"column":1}}}},"branchMap":{},"s":{"0":2,"1":1,"2":1,"3":2},"f":{"0":1},"b":{}}
,"/home/aichi/nodejs/express/src/controllers/oAuth2.controller.ts": {"path":"/home/aichi/nodejs/express/src/controllers/oAuth2.controller.ts","statementMap":{"0":{"start":{"line":3,"column":0},"end":{"line":3,"column":null}},"1":{"start":{"line":8,"column":25},"end":{"line":36,"column":2}},"2":{"start":{"line":8,"column":39},"end":{"line":36,"column":2}},"3":{"start":{"line":8,"column":77},"end":{"line":36,"column":2}},"4":{"start":{"line":10,"column":19},"end":{"line":10,"column":28}},"5":{"start":{"line":11,"column":2},"end":{"line":35,"column":null}},"6":{"start":{"line":13,"column":26},"end":{"line":13,"column":67}},"7":{"start":{"line":15,"column":23},"end":{"line":15,"column":60}},"8":{"start":{"line":17,"column":4},"end":{"line":22,"column":null}},"9":{"start":{"line":18,"column":6},"end":{"line":21,"column":9}},"10":{"start":{"line":29,"column":4},"end":{"line":29,"column":42}},"11":{"start":{"line":30,"column":4},"end":{"line":32,"column":7}},"12":{"start":{"line":34,"column":4},"end":{"line":34,"column":23}},"13":{"start":{"line":38,"column":0},"end":{"line":38,"column":32}}},"fnMap":{"0":{"name":"(anonymous_7)","decl":{"start":{"line":8,"column":25},"end":{"line":8,"column":26}},"loc":{"start":{"line":8,"column":39},"end":{"line":36,"column":2}}},"1":{"name":"(anonymous_8)","decl":{"start":{"line":8,"column":39},"end":{"line":8,"column":46}},"loc":{"start":{"line":8,"column":77},"end":{"line":36,"column":2}}},"2":{"name":"(anonymous_9)","decl":{"start":{"line":8,"column":77},"end":{"line":8,"column":null}},"loc":{"start":{"line":8,"column":77},"end":{"line":36,"column":1}}}},"branchMap":{"0":{"loc":{"start":{"line":17,"column":4},"end":{"line":22,"column":null}},"type":"if","locations":[{"start":{"line":17,"column":4},"end":{"line":22,"column":null}}]}},"s":{"0":2,"1":2,"2":6,"3":0,"4":0,"5":0,"6":0,"7":0,"8":0,"9":0,"10":0,"11":0,"12":0,"13":2},"f":{"0":6,"1":0,"2":0},"b":{"0":[0]}}
,"/home/aichi/nodejs/express/src/controllers/todo.controller.ts": {"path":"/home/aichi/nodejs/express/src/controllers/todo.controller.ts","statementMap":{"0":{"start":{"line":4,"column":0},"end":{"line":4,"column":54}},"1":{"start":{"line":6,"column":23},"end":{"line":52,"column":2}},"2":{"start":{"line":6,"column":38},"end":{"line":52,"column":2}},"3":{"start":{"line":8,"column":52},"end":{"line":24,"column":null}},"4":{"start":{"line":9,"column":4},"end":{"line":23,"column":22}},"5":{"start":{"line":10,"column":6},"end":{"line":22,"column":18}},"6":{"start":{"line":11,"column":8},"end":{"line":16,"column":null}},"7":{"start":{"line":12,"column":10},"end":{"line":15,"column":13}},"8":{"start":{"line":17,"column":8},"end":{"line":21,"column":11}},"9":{"start":{"line":29,"column":52},"end":{"line":51,"column":null}},"10":{"start":{"line":30,"column":4},"end":{"line":50,"column":22}},"11":{"start":{"line":31,"column":6},"end":{"line":49,"column":31}},"12":{"start":{"line":32,"column":8},"end":{"line":43,"column":null}},"13":{"start":{"line":33,"column":10},"end":{"line":38,"column":null}},"14":{"start":{"line":34,"column":12},"end":{"line":37,"column":15}},"15":{"start":{"line":39,"column":10},"end":{"line":42,"column":13}},"16":{"start":{"line":44,"column":8},"end":{"line":48,"column":11}},"17":{"start":{"line":54,"column":0},"end":{"line":54,"column":30}}},"fnMap":{"0":{"name":"(anonymous_8)","decl":{"start":{"line":6,"column":23},"end":{"line":6,"column":24}},"loc":{"start":{"line":6,"column":38},"end":{"line":52,"column":2}}},"1":{"name":"(anonymous_9)","decl":{"start":{"line":8,"column":14},"end":{"line":8,"column":21}},"loc":{"start":{"line":8,"column":52},"end":{"line":24,"column":null}}},"2":{"name":"(anonymous_10)","decl":{"start":{"line":8,"column":52},"end":{"line":8,"column":null}},"loc":{"start":{"line":8,"column":52},"end":{"line":24,"column":3}}},"3":{"name":"(anonymous_11)","decl":{"start":{"line":10,"column":28},"end":{"line":10,"column":29}},"loc":{"start":{"line":10,"column":62},"end":{"line":22,"column":7}}},"4":{"name":"(anonymous_12)","decl":{"start":{"line":29,"column":14},"end":{"line":29,"column":21}},"loc":{"start":{"line":29,"column":52},"end":{"line":51,"column":null}}},"5":{"name":"(anonymous_13)","decl":{"start":{"line":29,"column":52},"end":{"line":29,"column":null}},"loc":{"start":{"line":29,"column":52},"end":{"line":51,"column":3}}},"6":{"name":"(anonymous_14)","decl":{"start":{"line":31,"column":28},"end":{"line":31,"column":29}},"loc":{"start":{"line":31,"column":60},"end":{"line":49,"column":7}}}},"branchMap":{"0":{"loc":{"start":{"line":11,"column":8},"end":{"line":16,"column":null}},"type":"if","locations":[{"start":{"line":11,"column":8},"end":{"line":16,"column":null}}]},"1":{"loc":{"start":{"line":32,"column":8},"end":{"line":43,"column":null}},"type":"if","locations":[{"start":{"line":32,"column":8},"end":{"line":43,"column":null}}]},"2":{"loc":{"start":{"line":33,"column":10},"end":{"line":38,"column":null}},"type":"if","locations":[{"start":{"line":33,"column":10},"end":{"line":38,"column":null}}]}},"s":{"0":2,"1":2,"2":12,"3":2,"4":2,"5":2,"6":3,"7":2,"8":1,"9":3,"10":3,"11":3,"12":3,"13":2,"14":1,"15":1,"16":1,"17":2},"f":{"0":12,"1":2,"2":2,"3":3,"4":3,"5":3,"6":3},"b":{"0":[2],"1":[2],"2":[1]}}
,"/home/aichi/nodejs/express/src/services/oAuth2.service.ts": {"path":"/home/aichi/nodejs/express/src/services/oAuth2.service.ts","statementMap":{"0":{"start":{"line":1,"column":0},"end":{"line":1,"column":26}},"1":{"start":{"line":2,"column":0},"end":{"line":2,"column":29}},"2":{"start":{"line":20,"column":35},"end":{"line":48,"column":2}},"3":{"start":{"line":22,"column":36},"end":{"line":48,"column":2}},"4":{"start":{"line":23,"column":14},"end":{"line":23,"column":51}},"5":{"start":{"line":25,"column":17},"end":{"line":31,"column":4}},"6":{"start":{"line":33,"column":2},"end":{"line":47,"column":null}},"7":{"start":{"line":34,"column":16},"end":{"line":41,"column":null}},"8":{"start":{"line":44,"column":4},"end":{"line":44,"column":80}},"9":{"start":{"line":46,"column":4},"end":{"line":46,"column":35}},"10":{"start":{"line":20,"column":13},"end":{"line":20,"column":35}},"11":{"start":{"line":50,"column":32},"end":{"line":66,"column":2}},"12":{"start":{"line":52,"column":35},"end":{"line":66,"column":2}},"13":{"start":{"line":53,"column":2},"end":{"line":65,"column":null}},"14":{"start":{"line":54,"column":16},"end":{"line":60,"column":null}},"15":{"start":{"line":62,"column":4},"end":{"line":62,"column":20}},"16":{"start":{"line":64,"column":4},"end":{"line":64,"column":35}},"17":{"start":{"line":50,"column":13},"end":{"line":50,"column":32}}},"fnMap":{"0":{"name":"(anonymous_8)","decl":{"start":{"line":20,"column":35},"end":{"line":20,"column":null}},"loc":{"start":{"line":22,"column":36},"end":{"line":48,"column":2}}},"1":{"name":"(anonymous_9)","decl":{"start":{"line":22,"column":36},"end":{"line":22,"column":null}},"loc":{"start":{"line":22,"column":36},"end":{"line":48,"column":1}}},"2":{"name":"(anonymous_10)","decl":{"start":{"line":50,"column":32},"end":{"line":50,"column":null}},"loc":{"start":{"line":52,"column":35},"end":{"line":66,"column":2}}},"3":{"name":"(anonymous_11)","decl":{"start":{"line":52,"column":35},"end":{"line":52,"column":null}},"loc":{"start":{"line":52,"column":35},"end":{"line":66,"column":1}}}},"branchMap":{},"s":{"0":2,"1":2,"2":2,"3":0,"4":0,"5":0,"6":0,"7":0,"8":0,"9":0,"10":2,"11":2,"12":0,"13":0,"14":0,"15":0,"16":0,"17":2},"f":{"0":0,"1":0,"2":0,"3":0},"b":{}}
,"/home/aichi/nodejs/express/src/services/todo.repository.ts": {"path":"/home/aichi/nodejs/express/src/services/todo.repository.ts","statementMap":{"0":{"start":{"line":3,"column":20},"end":{"line":26,"column":1}},"1":{"start":{"line":4,"column":2},"end":{"line":25,"column":4}},"2":{"start":{"line":5,"column":23},"end":{"line":12,"column":null}},"3":{"start":{"line":6,"column":6},"end":{"line":11,"column":9}},"4":{"start":{"line":7,"column":8},"end":{"line":9,"column":null}},"5":{"start":{"line":8,"column":10},"end":{"line":8,"column":24}},"6":{"start":{"line":10,"column":8},"end":{"line":10,"column":25}},"7":{"start":{"line":13,"column":33},"end":{"line":23,"column":null}},"8":{"start":{"line":14,"column":6},"end":{"line":22,"column":8}},"9":{"start":{"line":17,"column":10},"end":{"line":19,"column":null}},"10":{"start":{"line":18,"column":12},"end":{"line":18,"column":26}},"11":{"start":{"line":20,"column":10},"end":{"line":20,"column":30}},"12":{"start":{"line":28,"column":0},"end":{"line":28,"column":27}}},"fnMap":{"0":{"name":"(anonymous_7)","decl":{"start":{"line":3,"column":20},"end":{"line":3,"column":21}},"loc":{"start":{"line":3,"column":48},"end":{"line":26,"column":1}}},"1":{"name":"(anonymous_8)","decl":{"start":{"line":5,"column":12},"end":{"line":5,"column":21}},"loc":{"start":{"line":5,"column":23},"end":{"line":12,"column":null}}},"2":{"name":"(anonymous_9)","decl":{"start":{"line":5,"column":23},"end":{"line":5,"column":null}},"loc":{"start":{"line":5,"column":23},"end":{"line":12,"column":5}}},"3":{"name":"(anonymous_10)","decl":{"start":{"line":6,"column":50},"end":{"line":6,"column":51}},"loc":{"start":{"line":6,"column":66},"end":{"line":11,"column":7}}},"4":{"name":"(anonymous_11)","decl":{"start":{"line":13,"column":12},"end":{"line":13,"column":19}},"loc":{"start":{"line":13,"column":33},"end":{"line":23,"column":null}}},"5":{"name":"(anonymous_12)","decl":{"start":{"line":13,"column":33},"end":{"line":13,"column":null}},"loc":{"start":{"line":13,"column":33},"end":{"line":23,"column":5}}},"6":{"name":"(anonymous_13)","decl":{"start":{"line":16,"column":8},"end":{"line":16,"column":9}},"loc":{"start":{"line":16,"column":24},"end":{"line":21,"column":9}}}},"branchMap":{"0":{"loc":{"start":{"line":7,"column":8},"end":{"line":9,"column":null}},"type":"if","locations":[{"start":{"line":7,"column":8},"end":{"line":9,"column":null}}]},"1":{"loc":{"start":{"line":17,"column":10},"end":{"line":19,"column":null}},"type":"if","locations":[{"start":{"line":17,"column":10},"end":{"line":19,"column":null}}]}},"s":{"0":2,"1":5,"2":2,"3":2,"4":2,"5":1,"6":2,"7":3,"8":3,"9":3,"10":1,"11":3,"12":2},"f":{"0":5,"1":2,"2":2,"3":2,"4":3,"5":3,"6":3},"b":{"0":[1],"1":[1]}}
}
