TN:
SF:src/app.ts
FN:12,default_1
FNF:1
FNH:1
FNDA:6,default_1
DA:1,2
DA:2,2
DA:3,2
DA:4,2
DA:7,2
DA:8,2
DA:10,2
DA:12,2
DA:13,6
DA:15,6
DA:22,6
DA:23,6
DA:25,6
DA:29,6
DA:30,6
DA:31,6
LF:16
LH:16
BRF:0
BRH:0
end_of_record
TN:
SF:src/controllers/helloWould.ts
FN:3,(anonymous_0)
FNF:1
FNH:1
FNDA:1,(anonymous_0)
DA:3,2
DA:4,1
DA:5,1
DA:8,2
LF:4
LH:4
BRF:0
BRH:0
end_of_record
TN:
SF:src/controllers/todo.controller.ts
FN:6,(anonymous_8)
FN:8,(anonymous_9)
FN:8,(anonymous_10)
FN:10,(anonymous_11)
FN:29,(anonymous_12)
FN:29,(anonymous_13)
FN:31,(anonymous_14)
FNF:7
FNH:7
FNDA:12,(anonymous_8)
FNDA:2,(anonymous_9)
FNDA:2,(anonymous_10)
FNDA:3,(anonymous_11)
FNDA:3,(anonymous_12)
FNDA:3,(anonymous_13)
FNDA:3,(anonymous_14)
DA:4,2
DA:6,12
DA:8,2
DA:9,2
DA:10,2
DA:11,3
DA:12,2
DA:17,1
DA:29,3
DA:30,3
DA:31,3
DA:32,3
DA:33,2
DA:34,1
DA:39,1
DA:44,1
DA:54,2
LF:17
LH:17
BRDA:11,0,0,2
BRDA:32,1,0,2
BRDA:33,2,0,1
BRF:3
BRH:3
end_of_record
TN:
SF:src/services/todo.repository.ts
FN:3,(anonymous_7)
FN:5,(anonymous_8)
FN:5,(anonymous_9)
FN:6,(anonymous_10)
FN:13,(anonymous_11)
FN:13,(anonymous_12)
FN:16,(anonymous_13)
FNF:7
FNH:7
FNDA:5,(anonymous_7)
FNDA:2,(anonymous_8)
FNDA:2,(anonymous_9)
FNDA:2,(anonymous_10)
FNDA:3,(anonymous_11)
FNDA:3,(anonymous_12)
FNDA:3,(anonymous_13)
DA:3,2
DA:4,5
DA:5,2
DA:6,2
DA:7,2
DA:8,1
DA:10,2
DA:13,3
DA:14,3
DA:17,3
DA:18,1
DA:20,3
DA:27,2
LF:13
LH:13
BRDA:7,0,0,1
BRDA:17,1,0,1
BRF:2
BRH:2
end_of_record
