TN:
SF:src/app.ts
FN:16,default_1
FNF:1
FNH:1
FNDA:6,default_1
DA:1,2
DA:2,2
DA:3,2
DA:4,2
DA:7,2
DA:8,2
DA:9,2
DA:14,2
DA:16,2
DA:17,6
DA:19,6
DA:26,6
DA:27,6
DA:29,6
DA:30,6
DA:32,6
DA:34,6
DA:35,6
DA:36,6
LF:19
LH:19
BRF:0
BRH:0
end_of_record
TN:
SF:src/controllers/helloWould.ts
FN:3,(anonymous_0)
FNF:1
FNH:1
FNDA:1,(anonymous_0)
DA:3,2
DA:4,1
DA:5,1
DA:8,2
LF:4
LH:4
BRF:0
BRH:0
end_of_record
TN:
SF:src/controllers/oAuth2.controller.ts
FN:10,(anonymous_7)
FN:10,(anonymous_8)
FN:10,(anonymous_9)
FN:41,(anonymous_10)
FN:41,(anonymous_11)
FN:41,(anonymous_12)
FNF:6
FNH:2
FNDA:6,(anonymous_7)
FNDA:0,(anonymous_8)
FNDA:0,(anonymous_9)
FNDA:6,(anonymous_10)
FNDA:0,(anonymous_11)
FNDA:0,(anonymous_12)
DA:3,2
DA:9,2
DA:10,6
DA:12,0
DA:13,0
DA:15,0
DA:17,0
DA:19,0
DA:20,0
DA:31,0
DA:32,0
DA:36,0
DA:40,2
DA:41,6
DA:43,0
DA:45,0
DA:60,0
LF:17
LH:5
BRDA:19,0,0,0
BRF:1
BRH:0
end_of_record
TN:
SF:src/controllers/todo.controller.ts
FN:6,(anonymous_8)
FN:8,(anonymous_9)
FN:8,(anonymous_10)
FN:10,(anonymous_11)
FN:29,(anonymous_12)
FN:29,(anonymous_13)
FN:31,(anonymous_14)
FNF:7
FNH:7
FNDA:12,(anonymous_8)
FNDA:2,(anonymous_9)
FNDA:2,(anonymous_10)
FNDA:3,(anonymous_11)
FNDA:3,(anonymous_12)
FNDA:3,(anonymous_13)
FNDA:3,(anonymous_14)
DA:4,2
DA:6,12
DA:8,2
DA:9,2
DA:10,2
DA:11,3
DA:12,2
DA:17,1
DA:29,3
DA:30,3
DA:31,3
DA:32,3
DA:33,2
DA:34,1
DA:39,1
DA:44,1
DA:54,2
LF:17
LH:17
BRDA:11,0,0,2
BRDA:32,1,0,2
BRDA:33,2,0,1
BRF:3
BRH:3
end_of_record
TN:
SF:src/services/oAuth2.service.ts
FN:20,(anonymous_8)
FN:22,(anonymous_9)
FN:50,(anonymous_10)
FN:52,(anonymous_11)
FN:68,(anonymous_12)
FN:71,(anonymous_13)
FNF:6
FNH:0
FNDA:0,(anonymous_8)
FNDA:0,(anonymous_9)
FNDA:0,(anonymous_10)
FNDA:0,(anonymous_11)
FNDA:0,(anonymous_12)
FNDA:0,(anonymous_13)
DA:1,2
DA:2,2
DA:20,2
DA:22,0
DA:23,0
DA:25,0
DA:33,0
DA:34,0
DA:44,0
DA:46,0
DA:50,2
DA:52,0
DA:53,0
DA:54,0
DA:62,0
DA:64,0
DA:68,2
DA:71,0
DA:72,0
DA:74,0
DA:75,0
DA:76,0
DA:78,0
LF:23
LH:5
BRF:0
BRH:0
end_of_record
TN:
SF:src/services/todo.repository.ts
FN:3,(anonymous_7)
FN:5,(anonymous_8)
FN:5,(anonymous_9)
FN:6,(anonymous_10)
FN:13,(anonymous_11)
FN:13,(anonymous_12)
FN:16,(anonymous_13)
FNF:7
FNH:7
FNDA:5,(anonymous_7)
FNDA:2,(anonymous_8)
FNDA:2,(anonymous_9)
FNDA:2,(anonymous_10)
FNDA:3,(anonymous_11)
FNDA:3,(anonymous_12)
FNDA:3,(anonymous_13)
DA:3,2
DA:4,5
DA:5,2
DA:6,2
DA:7,2
DA:8,1
DA:10,2
DA:13,3
DA:14,3
DA:17,3
DA:18,1
DA:20,3
DA:28,2
LF:13
LH:13
BRDA:7,0,0,1
BRDA:17,1,0,1
BRF:2
BRH:2
end_of_record
